<?xml version="1.0" encoding="UTF-8"?>
<testng-results ignored="0" total="1" passed="1" failed="0" skipped="0">
  <reporter-output>
  </reporter-output>
  <suite started-at="2025-11-13T17:02:42 IST" name="Default suite" finished-at="2025-11-13T17:02:42 IST" duration-ms="35">
    <groups>
    </groups>
    <test started-at="2025-11-13T17:02:42 IST" name="Default test" finished-at="2025-11-13T17:02:42 IST" duration-ms="35">
      <class name="pack.LoginTest">
        <test-method signature="show()[pri:0, instance:pack.LoginTest@5e82df6a]" started-at="2025-11-13T17:02:42 IST" name="show" finished-at="2025-11-13T17:02:42 IST" duration-ms="9" status="PASS">
          <reporter-output>
          </reporter-output>
        </test-method> <!-- show -->
      </class> <!-- pack.LoginTest -->
    </test> <!-- Default test -->
  </suite> <!-- Default suite -->
</testng-results>
